**
(excellence-questions.tex
LaTeX2e <2021-11-15> patch level 1
L3 programming layer <2022-02-24> (extarticle.cls
Document Class: extarticle 1996/10/08 v1.0 Non Standard LaTeX document class
(size17.clo
File: size17.clo 1999/11/11 NON-Standard LaTeX file (size option)
) (exscale.sty
Package: exscale 2018/09/24 v2.1i Standard LaTeX package exscale
LaTeX Font Info:    Redeclaring symbol font `largesymbols' on input line 57.
LaTeX Font Info:    Overwriting symbol font `largesymbols' in version `normal'
(Font)                  OMX/cmex/m/n --> OMX/cmex/m/n on input line 57.
LaTeX Font Info:    Overwriting symbol font `largesymbols' in version `bold'
(Font)                  OMX/cmex/m/n --> OMX/cmex/m/n on input line 57.
\big@size=\dimen138
)
\c@part=\count181
\c@section=\count182
\c@subsection=\count183
\c@subsubsection=\count184
\c@paragraph=\count185
\c@subparagraph=\count186
\c@figure=\count187
\c@table=\count188
\abovecaptionskip=\skip47
\belowcaptionskip=\skip48
\bibindent=\dimen139
) (geometry.sty
Package: geometry 2020/01/02 v5.9 Page Geometry
 (keyval.sty
Package: keyval 2014/10/28 v1.15 key=value parser (DPC)
\KV@toks@=\toks16
) (ifvtex.sty
Package: ifvtex 2019/10/25 v1.7 ifvtex legacy package. Use iftex instead.
 (iftex.sty
Package: iftex 2022/02/03 v1.0f TeX engine tests
))
\Gm@cnth=\count189
\Gm@cntv=\count190
\c@Gm@tempcnt=\count191
\Gm@bindingoffset=\dimen140
\Gm@wd@mp=\dimen141
\Gm@odd@mp=\dimen142
\Gm@even@mp=\dimen143
\Gm@layoutwidth=\dimen144
\Gm@layoutheight=\dimen145
\Gm@layouthoffset=\dimen146
\Gm@layoutvoffset=\dimen147
\Gm@dimlist=\toks17
) (amsmath.sty
Package: amsmath 2021/10/15 v2.17l AMS math features
\@mathmargin=\skip49

For additional information on amsmath, use the `?' option.
(amstext.sty
Package: amstext 2021/08/26 v2.01 AMS text
 (amsgen.sty
File: amsgen.sty 1999/11/30 v2.0 generic functions
\@emptytoks=\toks18
\ex@=\dimen148
)) (amsbsy.sty
Package: amsbsy 1999/11/29 v1.2d Bold Symbols
\pmbraise@=\dimen149
) (amsopn.sty
Package: amsopn 2021/08/26 v2.02 operator names
)
\inf@bad=\count192
LaTeX Info: Redefining \frac on input line 234.
\uproot@=\count193
\leftroot@=\count194
LaTeX Info: Redefining \overline on input line 399.
\classnum@=\count195
\DOTSCASE@=\count196
LaTeX Info: Redefining \ldots on input line 496.
LaTeX Info: Redefining \dots on input line 499.
LaTeX Info: Redefining \cdots on input line 620.
\Mathstrutbox@=\box50
\strutbox@=\box51
\big@size=\dimen150
LaTeX Font Info:    Redeclaring font encoding OML on input line 743.
LaTeX Font Info:    Redeclaring font encoding OMS on input line 744.
\macc@depth=\count197
\c@MaxMatrixCols=\count198
\dotsspace@=\muskip16
\c@parentequation=\count199
\dspbrk@lvl=\count266
\tag@help=\toks19
\row@=\count267
\column@=\count268
\maxfields@=\count269
\andhelp@=\toks20
\eqnshift@=\dimen151
\alignsep@=\dimen152
\tagshift@=\dimen153
\tagwidth@=\dimen154
\totwidth@=\dimen155
\lineht@=\dimen156
\@envbody=\toks21
\multlinegap=\skip50
\multlinetaggap=\skip51
\mathdisplay@stack=\toks22
LaTeX Info: Redefining \[ on input line 2938.
LaTeX Info: Redefining \] on input line 2939.
) (amssymb.sty
Package: amssymb 2013/01/14 v3.01 AMS font symbols

(amsfonts.sty
Package: amsfonts 2013/01/14 v3.01 Basic AMSFonts support
\symAMSa=\mathgroup4
\symAMSb=\mathgroup5
LaTeX Font Info:    Redeclaring math symbol \hbar on input line 98.
LaTeX Font Info:    Overwriting math alphabet `\mathfrak' in version `bold'
(Font)                  U/euf/m/n --> U/euf/b/n on input line 106.
)) (tasks.sty (expl3.sty
Package: expl3 2022-02-24 L3 programming layer (loader) 
 (l3backend-xetex.def
File: l3backend-xetex.def 2022-02-07 L3 backend support: XeTeX
\c__kernel_sys_dvipdfmx_version_int=\count270
\l__color_backend_stack_int=\count271
\g__color_backend_stack_int=\count272
\g__graphics_track_int=\count273
\l__pdf_internal_box=\box52
\g__pdf_backend_object_int=\count274
\g__pdf_backend_annotation_int=\count275
\g__pdf_backend_link_int=\count276
)) (xparse.sty
Package: xparse 2022-01-12 L3 Experimental document command parser
)
(xtemplate.sty
Package: xtemplate 2022-01-12 L3 Experimental prototype document functions
\l__xtemplate_tmp_dim=\dimen157
\l__xtemplate_tmp_int=\count277
\l__xtemplate_tmp_muskip=\muskip17
\l__xtemplate_tmp_skip=\skip52
)
Package: tasks 2022/01/08 v1.4a lists with columns filled horizontally
\g__tasks_total_items_int=\count278
\l__tasks_columns_int=\count279
\g__tasks_rows_int=\count280
\g__tasks_current_col_num_int=\count281
\g__tasks_current_row_num_int=\count282
\l__tasks_item_columns_int=\count283
\g__tasks_env_int=\count284
\l__tasks_start_int=\count285
\l__tasks_item_indent_dim=\dimen158
\l__tasks_item_default_indent_dim=\dimen159
\l__tasks_item_width_dim=\dimen160
\l__tasks_label_width_dim=\dimen161
\l__tasks_label_default_width_dim=\dimen162
\l__tasks_label_offset_dim=\dimen163
\l__tasks_label_default_offset_dim=\dimen164
\l__tasks_column_sep_dim=\dimen165
\l__tasks_correction_dim=\dimen166
\l__tasks_full_width_dim=\dimen167
\l__tasks_after_item_skip=\skip53
\l__tasks_custom_after_item_skip=\skip54
\l__tasks_before_list_skip=\skip55
\l__tasks_after_list_skip=\skip56
\l__tasks_item_coffin=\box53
\l__tasks_label_coffin=\box54
\c@task=\count286
\l__tasks_tmpa_int=\count287
\l__tasks_tmpb_int=\count288
\l__tasks_tmpa_coffin=\box55
\l__tasks_tmpa_box=\box56

Package xtemplate Info: Declaring object type 'tasks' taking 3 argument(s) on
(xtemplate)             line 450.

 (tasks.cfg)) (tikz.sty (pgf.sty (pgfrcs.sty (pgfutil-common.tex
\pgfutil@everybye=\toks23
\pgfutil@tempdima=\dimen168
\pgfutil@tempdimb=\dimen169
(pgfutil-common-lists.tex)) (pgfutil-latex.def
\pgfutil@abb=\box57
) (pgfrcs.code.tex
(pgf.revision.tex)
Package: pgfrcs 2021/05/15 v3.1.9a (3.1.9a)
))
Package: pgf 2021/05/15 v3.1.9a (3.1.9a)
 (pgfcore.sty (graphicx.sty
Package: graphicx 2021/09/16 v1.2d Enhanced LaTeX Graphics (DPC,SPQR)
 (graphics.sty
Package: graphics 2021/03/04 v1.4d Standard LaTeX Graphics (DPC,SPQR)
 (trig.sty
Package: trig 2021/08/11 v1.11 sin cos tan (DPC)
)
(graphics.cfg
File: graphics.cfg 2016/06/04 v1.11 sample graphics configuration
)
Package graphics Info: Driver file: xetex.def on input line 107.
 (xetex.def
File: xetex.def 2021/03/18 v5.0k Graphics/color driver for xetex
))
\Gin@req@height=\dimen170
\Gin@req@width=\dimen171
) (pgfsys.sty (pgfsys.code.tex
Package: pgfsys 2021/05/15 v3.1.9a (3.1.9a)
 (pgfkeys.code.tex
\pgfkeys@pathtoks=\toks24
\pgfkeys@temptoks=\toks25

(pgfkeysfiltered.code.tex
\pgfkeys@tmptoks=\toks26
))
\pgf@x=\dimen172
\pgf@y=\dimen173
\pgf@xa=\dimen174
\pgf@ya=\dimen175
\pgf@xb=\dimen176
\pgf@yb=\dimen177
\pgf@xc=\dimen178
\pgf@yc=\dimen179
\pgf@xd=\dimen180
\pgf@yd=\dimen181
\w@pgf@writea=\write3
\r@pgf@reada=\read2
\c@pgf@counta=\count289
\c@pgf@countb=\count290
\c@pgf@countc=\count291
\c@pgf@countd=\count292
\t@pgf@toka=\toks27
\t@pgf@tokb=\toks28
\t@pgf@tokc=\toks29
\pgf@sys@id@count=\count293
 (pgf.cfg
File: pgf.cfg 2021/05/15 v3.1.9a (3.1.9a)
)
Driver file for pgf: pgfsys-xetex.def
 (pgfsys-xetex.def
File: pgfsys-xetex.def 2021/05/15 v3.1.9a (3.1.9a)
 (pgfsys-dvipdfmx.def
File: pgfsys-dvipdfmx.def 2021/05/15 v3.1.9a (3.1.9a)

(pgfsys-common-pdf.def
File: pgfsys-common-pdf.def 2021/05/15 v3.1.9a (3.1.9a)
)
\pgfsys@objnum=\count294
))) (pgfsyssoftpath.code.tex
File: pgfsyssoftpath.code.tex 2021/05/15 v3.1.9a (3.1.9a)
\pgfsyssoftpath@smallbuffer@items=\count295
\pgfsyssoftpath@bigbuffer@items=\count296
) (pgfsysprotocol.code.tex
File: pgfsysprotocol.code.tex 2021/05/15 v3.1.9a (3.1.9a)
)) (xcolor.sty
Package: xcolor 2021/10/31 v2.13 LaTeX color extensions (UK)
 (color.cfg
File: color.cfg 2016/01/02 v1.6 sample color configuration
)
Package xcolor Info: Driver file: xetex.def on input line 227.
Package xcolor Info: Model `cmy' substituted by `cmy0' on input line 1352.
Package xcolor Info: Model `RGB' extended on input line 1368.
Package xcolor Info: Model `HTML' substituted by `rgb' on input line 1370.
Package xcolor Info: Model `Hsb' substituted by `hsb' on input line 1371.
Package xcolor Info: Model `tHsb' substituted by `hsb' on input line 1372.
Package xcolor Info: Model `HSB' substituted by `hsb' on input line 1373.
Package xcolor Info: Model `Gray' substituted by `gray' on input line 1374.
Package xcolor Info: Model `wave' substituted by `hsb' on input line 1375.
) (pgfcore.code.tex
Package: pgfcore 2021/05/15 v3.1.9a (3.1.9a)
 (pgfmath.code.tex
(pgfmathcalc.code.tex (pgfmathutil.code.tex) (pgfmathparser.code.tex
\pgfmath@dimen=\dimen182
\pgfmath@count=\count297
\pgfmath@box=\box58
\pgfmath@toks=\toks30
\pgfmath@stack@operand=\toks31
\pgfmath@stack@operation=\toks32
)
(pgfmathfunctions.code.tex (pgfmathfunctions.basic.code.tex)
(pgfmathfunctions.trigonometric.code.tex) (pgfmathfunctions.random.code.tex)
(pgfmathfunctions.comparison.code.tex) (pgfmathfunctions.base.code.tex)
(pgfmathfunctions.round.code.tex) (pgfmathfunctions.misc.code.tex)
(pgfmathfunctions.integerarithmetics.code.tex))) (pgfmathfloat.code.tex
\c@pgfmathroundto@lastzeros=\count298
))
(pgfint.code.tex) (pgfcorepoints.code.tex
File: pgfcorepoints.code.tex 2021/05/15 v3.1.9a (3.1.9a)
\pgf@picminx=\dimen183
\pgf@picmaxx=\dimen184
\pgf@picminy=\dimen185
\pgf@picmaxy=\dimen186
\pgf@pathminx=\dimen187
\pgf@pathmaxx=\dimen188
\pgf@pathminy=\dimen189
\pgf@pathmaxy=\dimen190
\pgf@xx=\dimen191
\pgf@xy=\dimen192
\pgf@yx=\dimen193
\pgf@yy=\dimen194
\pgf@zx=\dimen195
\pgf@zy=\dimen196
) (pgfcorepathconstruct.code.tex
File: pgfcorepathconstruct.code.tex 2021/05/15 v3.1.9a (3.1.9a)
\pgf@path@lastx=\dimen197
\pgf@path@lasty=\dimen198
)
(pgfcorepathusage.code.tex
File: pgfcorepathusage.code.tex 2021/05/15 v3.1.9a (3.1.9a)
\pgf@shorten@end@additional=\dimen199
\pgf@shorten@start@additional=\dimen256
) (pgfcorescopes.code.tex
File: pgfcorescopes.code.tex 2021/05/15 v3.1.9a (3.1.9a)
\pgfpic=\box59
\pgf@hbox=\box60
\pgf@layerbox@main=\box61
\pgf@picture@serial@count=\count299
)
(pgfcoregraphicstate.code.tex
File: pgfcoregraphicstate.code.tex 2021/05/15 v3.1.9a (3.1.9a)
\pgflinewidth=\dimen257
) (pgfcoretransformations.code.tex
File: pgfcoretransformations.code.tex 2021/05/15 v3.1.9a (3.1.9a)
\pgf@pt@x=\dimen258
\pgf@pt@y=\dimen259
\pgf@pt@temp=\dimen260
)
(pgfcorequick.code.tex
File: pgfcorequick.code.tex 2021/05/15 v3.1.9a (3.1.9a)
) (pgfcoreobjects.code.tex
File: pgfcoreobjects.code.tex 2021/05/15 v3.1.9a (3.1.9a)
)
(pgfcorepathprocessing.code.tex
File: pgfcorepathprocessing.code.tex 2021/05/15 v3.1.9a (3.1.9a)
) (pgfcorearrows.code.tex
File: pgfcorearrows.code.tex 2021/05/15 v3.1.9a (3.1.9a)
\pgfarrowsep=\dimen261
)
(pgfcoreshade.code.tex
File: pgfcoreshade.code.tex 2021/05/15 v3.1.9a (3.1.9a)
\pgf@max=\dimen262
\pgf@sys@shading@range@num=\count300
\pgf@shadingcount=\count301
) (pgfcoreimage.code.tex
File: pgfcoreimage.code.tex 2021/05/15 v3.1.9a (3.1.9a)
 (pgfcoreexternal.code.tex
File: pgfcoreexternal.code.tex 2021/05/15 v3.1.9a (3.1.9a)
\pgfexternal@startupbox=\box62
))
(pgfcorelayers.code.tex
File: pgfcorelayers.code.tex 2021/05/15 v3.1.9a (3.1.9a)
) (pgfcoretransparency.code.tex
File: pgfcoretransparency.code.tex 2021/05/15 v3.1.9a (3.1.9a)
)
(pgfcorepatterns.code.tex
File: pgfcorepatterns.code.tex 2021/05/15 v3.1.9a (3.1.9a)
) (pgfcorerdf.code.tex
File: pgfcorerdf.code.tex 2021/05/15 v3.1.9a (3.1.9a)
))) (pgfmoduleshapes.code.tex
File: pgfmoduleshapes.code.tex 2021/05/15 v3.1.9a (3.1.9a)
\pgfnodeparttextbox=\box63
)
(pgfmoduleplot.code.tex
File: pgfmoduleplot.code.tex 2021/05/15 v3.1.9a (3.1.9a)
) (pgfcomp-version-0-65.sty
Package: pgfcomp-version-0-65 2021/05/15 v3.1.9a (3.1.9a)
\pgf@nodesepstart=\dimen263
\pgf@nodesepend=\dimen264
) (pgfcomp-version-1-18.sty
Package: pgfcomp-version-1-18 2021/05/15 v3.1.9a (3.1.9a)
)) (pgffor.sty (pgfkeys.sty (pgfkeys.code.tex)) (pgfmath.sty (pgfmath.code.tex)
)
(pgffor.code.tex
Package: pgffor 2021/05/15 v3.1.9a (3.1.9a)
 (pgfmath.code.tex)
\pgffor@iter=\dimen265
\pgffor@skip=\dimen266
\pgffor@stack=\toks33
\pgffor@toks=\toks34
)) (tikz.code.tex
Package: tikz 2021/05/15 v3.1.9a (3.1.9a)

(pgflibraryplothandlers.code.tex
File: pgflibraryplothandlers.code.tex 2021/05/15 v3.1.9a (3.1.9a)
\pgf@plot@mark@count=\count302
\pgfplotmarksize=\dimen267
)
\tikz@lastx=\dimen268
\tikz@lasty=\dimen269
\tikz@lastxsaved=\dimen270
\tikz@lastysaved=\dimen271
\tikz@lastmovetox=\dimen272
\tikz@lastmovetoy=\dimen273
\tikzleveldistance=\dimen274
\tikzsiblingdistance=\dimen275
\tikz@figbox=\box64
\tikz@figbox@bg=\box65
\tikz@tempbox=\box66
\tikz@tempbox@bg=\box67
\tikztreelevel=\count303
\tikznumberofchildren=\count304
\tikznumberofcurrentchild=\count305
\tikz@fig@count=\count306
 (pgfmodulematrix.code.tex
File: pgfmodulematrix.code.tex 2021/05/15 v3.1.9a (3.1.9a)
\pgfmatrixcurrentrow=\count307
\pgfmatrixcurrentcolumn=\count308
\pgf@matrix@numberofcolumns=\count309
)
\tikz@expandcount=\count310

(tikzlibrarytopaths.code.tex
File: tikzlibrarytopaths.code.tex 2021/05/15 v3.1.9a (3.1.9a)
))) (FiraSans.sty
Package: FiraSans 2019/10/10 (Bob Tennent and autoinst) Style file for Fira San
s fonts.
 (ifxetex.sty
Package: ifxetex 2019/10/25 v0.7 ifxetex legacy package. Use iftex instead.
) (ifluatex.sty
Package: ifluatex 2019/10/25 v1.5 ifluatex legacy package. Use iftex instead.
)
(xkeyval.sty
Package: xkeyval 2020/11/20 v2.8 package option processing (HA)
 (xkeyval (xkvutils
\XKV@toks=\toks35
\XKV@tempa@toks=\toks36
)
\XKV@depth=\count311
File: xkeyval.tex 2014/12/03 v2.7a key=value parser (HA)
)) (textcomp.sty
Package: textcomp 2020/02/02 v2.0n Standard LaTeX package
) (fontspec.sty
Package: fontspec 2022/01/15 v2.8a Font selection for XeLaTeX and LuaLaTeX

(fontspec-xetex.sty
Package: fontspec-xetex 2022/01/15 v2.8a Font selection for XeLaTeX and LuaLaTe
X
\l__fontspec_script_int=\count312
\l__fontspec_language_int=\count313
\l__fontspec_strnum_int=\count314
\l__fontspec_tmp_int=\count315
\l__fontspec_tmpa_int=\count316
\l__fontspec_tmpb_int=\count317
\l__fontspec_tmpc_int=\count318
\l__fontspec_em_int=\count319
\l__fontspec_emdef_int=\count320
\l__fontspec_strong_int=\count321
\l__fontspec_strongdef_int=\count322
\l__fontspec_tmpa_dim=\dimen276
\l__fontspec_tmpb_dim=\dimen277
\l__fontspec_tmpc_dim=\dimen278
 (fontenc.sty
Package: fontenc 2021/04/29 v2.0v Standard LaTeX package
) (fontspec.cfg)))
Requested font "[FiraSans-Regular.otf]/OT" at 17.27997pt
 -> FiraSans-Regular.otf
Requested font "[FiraSans-Regular.otf]/OT" at 17.28003pt
 -> FiraSans-Regular.otf
Requested font "[FiraSans-Regular.otf]/OT:script=latn;language=dflt;" at 17.280
03pt
 -> FiraSans-Regular.otf
Requested font "[FiraSans-Bold.otf]/OT:script=latn;language=dflt;" at 17.28003p
t
 -> FiraSans-Bold.otf
Requested font "[FiraSans-Italic.otf]/OT:script=latn;language=dflt;" at 17.2800
3pt
 -> FiraSans-Italic.otf
Requested font "[FiraSans-BoldItalic.otf]/OT:script=latn;language=dflt;" at 17.
28003pt
 -> FiraSans-BoldItalic.otf

Package fontspec Info: Font family 'FiraSans(0)' created for font 'FiraSans'
(fontspec)             with options [Ligatures = TeX,Scale = 1,Extension =
(fontspec)             .otf,Ligatures=TeX,Numbers =
(fontspec)             {Proportional,Lining},UprightFont =
(fontspec)             *-Regular,ItalicFont = *-Italic,BoldFont =
(fontspec)             *-Bold,BoldItalicFont = *-BoldItalic].
(fontspec)              
(fontspec)              This font family consists of the following NFSS
(fontspec)             series/shapes:
(fontspec)              
(fontspec)             - 'normal' (m/n) with NFSS spec.:
(fontspec)             <->s*[1]"[FiraSans-Regular.otf]/OT:script=latn;language=
dflt;+pnum;+lnum;mapping=tex-text;"
(fontspec)             - 'small caps'  (m/sc) with NFSS spec.:
(fontspec)             <->s*[1]"[FiraSans-Regular.otf]/OT:script=latn;language=
dflt;+pnum;+lnum;+smcp;mapping=tex-text;"
(fontspec)             - 'bold' (b/n) with NFSS spec.:
(fontspec)             <->s*[1]"[FiraSans-Bold.otf]/OT:script=latn;language=dfl
t;+pnum;+lnum;mapping=tex-text;"
(fontspec)             - 'bold small caps'  (b/sc) with NFSS spec.:
(fontspec)             <->s*[1]"[FiraSans-Bold.otf]/OT:script=latn;language=dfl
t;+pnum;+lnum;+smcp;mapping=tex-text;"
(fontspec)             - 'italic' (m/it) with NFSS spec.:
(fontspec)             <->s*[1]"[FiraSans-Italic.otf]/OT:script=latn;language=d
flt;+pnum;+lnum;mapping=tex-text;"
(fontspec)             - 'italic small caps'  (m/scit) with NFSS spec.:
(fontspec)             <->s*[1]"[FiraSans-Italic.otf]/OT:script=latn;language=d
flt;+pnum;+lnum;+smcp;mapping=tex-text;"
(fontspec)             - 'bold italic' (b/it) with NFSS spec.:
(fontspec)             <->s*[1]"[FiraSans-BoldItalic.otf]/OT:script=latn;langua
ge=dflt;+pnum;+lnum;mapping=tex-text;"
(fontspec)             - 'bold italic small caps'  (b/scit) with NFSS spec.:
(fontspec)             <->s*[1]"[FiraSans-BoldItalic.otf]/OT:script=latn;langua
ge=dflt;+pnum;+lnum;+smcp;mapping=tex-text;"


Package fontspec Info: Font family 'FiraSans(1)' created for font 'FiraSans'
(fontspec)             with options [Ligatures = TeX,Scale = 1,Extension =
(fontspec)             .otf,Numbers = {Proportional,OldStyle},UprightFont =
(fontspec)             *-Regular,ItalicFont = *-Italic,BoldFont =
(fontspec)             *-Bold,BoldItalicFont = *-BoldItalic].
(fontspec)              
(fontspec)              This font family consists of the following NFSS
(fontspec)             series/shapes:
(fontspec)              
(fontspec)             - 'normal' (m/n) with NFSS spec.:
(fontspec)             <->s*[1]"[FiraSans-Regular.otf]/OT:script=latn;language=
dflt;+pnum;+onum;mapping=tex-text;"
(fontspec)             - 'small caps'  (m/sc) with NFSS spec.:
(fontspec)             <->s*[1]"[FiraSans-Regular.otf]/OT:script=latn;language=
dflt;+pnum;+onum;+smcp;mapping=tex-text;"
(fontspec)             - 'bold' (b/n) with NFSS spec.:
(fontspec)             <->s*[1]"[FiraSans-Bold.otf]/OT:script=latn;language=dfl
t;+pnum;+onum;mapping=tex-text;"
(fontspec)             - 'bold small caps'  (b/sc) with NFSS spec.:
(fontspec)             <->s*[1]"[FiraSans-Bold.otf]/OT:script=latn;language=dfl
t;+pnum;+onum;+smcp;mapping=tex-text;"
(fontspec)             - 'italic' (m/it) with NFSS spec.:
(fontspec)             <->s*[1]"[FiraSans-Italic.otf]/OT:script=latn;language=d
flt;+pnum;+onum;mapping=tex-text;"
(fontspec)             - 'italic small caps'  (m/scit) with NFSS spec.:
(fontspec)             <->s*[1]"[FiraSans-Italic.otf]/OT:script=latn;language=d
flt;+pnum;+onum;+smcp;mapping=tex-text;"
(fontspec)             - 'bold italic' (b/it) with NFSS spec.:
(fontspec)             <->s*[1]"[FiraSans-BoldItalic.otf]/OT:script=latn;langua
ge=dflt;+pnum;+onum;mapping=tex-text;"
(fontspec)             - 'bold italic small caps'  (b/scit) with NFSS spec.:
(fontspec)             <->s*[1]"[FiraSans-BoldItalic.otf]/OT:script=latn;langua
ge=dflt;+pnum;+onum;+smcp;mapping=tex-text;"


Package fontspec Info: Font family 'FiraSans(2)' created for font 'FiraSans'
(fontspec)             with options [Ligatures = TeX,Scale = 1,Extension =
(fontspec)             .otf,Numbers = {Proportional,Lining},UprightFont =
(fontspec)             *-Regular,ItalicFont = *-Italic,BoldFont =
(fontspec)             *-Bold,BoldItalicFont = *-BoldItalic].
(fontspec)              
(fontspec)              This font family consists of the following NFSS
(fontspec)             series/shapes:
(fontspec)              
(fontspec)             - 'normal' (m/n) with NFSS spec.:
(fontspec)             <->s*[1]"[FiraSans-Regular.otf]/OT:script=latn;language=
dflt;+pnum;+lnum;mapping=tex-text;"
(fontspec)             - 'small caps'  (m/sc) with NFSS spec.:
(fontspec)             <->s*[1]"[FiraSans-Regular.otf]/OT:script=latn;language=
dflt;+pnum;+lnum;+smcp;mapping=tex-text;"
(fontspec)             - 'bold' (b/n) with NFSS spec.:
(fontspec)             <->s*[1]"[FiraSans-Bold.otf]/OT:script=latn;language=dfl
t;+pnum;+lnum;mapping=tex-text;"
(fontspec)             - 'bold small caps'  (b/sc) with NFSS spec.:
(fontspec)             <->s*[1]"[FiraSans-Bold.otf]/OT:script=latn;language=dfl
t;+pnum;+lnum;+smcp;mapping=tex-text;"
(fontspec)             - 'italic' (m/it) with NFSS spec.:
(fontspec)             <->s*[1]"[FiraSans-Italic.otf]/OT:script=latn;language=d
flt;+pnum;+lnum;mapping=tex-text;"
(fontspec)             - 'italic small caps'  (m/scit) with NFSS spec.:
(fontspec)             <->s*[1]"[FiraSans-Italic.otf]/OT:script=latn;language=d
flt;+pnum;+lnum;+smcp;mapping=tex-text;"
(fontspec)             - 'bold italic' (b/it) with NFSS spec.:
(fontspec)             <->s*[1]"[FiraSans-BoldItalic.otf]/OT:script=latn;langua
ge=dflt;+pnum;+lnum;mapping=tex-text;"
(fontspec)             - 'bold italic small caps'  (b/scit) with NFSS spec.:
(fontspec)             <->s*[1]"[FiraSans-BoldItalic.otf]/OT:script=latn;langua
ge=dflt;+pnum;+lnum;+smcp;mapping=tex-text;"


Package fontspec Info: Font family 'FiraSans(3)' created for font 'FiraSans'
(fontspec)             with options [Ligatures = TeX,Scale = 1,Extension =
(fontspec)             .otf,Numbers = {Monospaced,Lining},UprightFont =
(fontspec)             *-Regular,ItalicFont = *-Italic,BoldFont =
(fontspec)             *-Bold,BoldItalicFont = *-BoldItalic].
(fontspec)              
(fontspec)              This font family consists of the following NFSS
(fontspec)             series/shapes:
(fontspec)              
(fontspec)             - 'normal' (m/n) with NFSS spec.:
(fontspec)             <->s*[1]"[FiraSans-Regular.otf]/OT:script=latn;language=
dflt;+tnum;+lnum;mapping=tex-text;"
(fontspec)             - 'small caps'  (m/sc) with NFSS spec.:
(fontspec)             <->s*[1]"[FiraSans-Regular.otf]/OT:script=latn;language=
dflt;+tnum;+lnum;+smcp;mapping=tex-text;"
(fontspec)             - 'bold' (b/n) with NFSS spec.:
(fontspec)             <->s*[1]"[FiraSans-Bold.otf]/OT:script=latn;language=dfl
t;+tnum;+lnum;mapping=tex-text;"
(fontspec)             - 'bold small caps'  (b/sc) with NFSS spec.:
(fontspec)             <->s*[1]"[FiraSans-Bold.otf]/OT:script=latn;language=dfl
t;+tnum;+lnum;+smcp;mapping=tex-text;"
(fontspec)             - 'italic' (m/it) with NFSS spec.:
(fontspec)             <->s*[1]"[FiraSans-Italic.otf]/OT:script=latn;language=d
flt;+tnum;+lnum;mapping=tex-text;"
(fontspec)             - 'italic small caps'  (m/scit) with NFSS spec.:
(fontspec)             <->s*[1]"[FiraSans-Italic.otf]/OT:script=latn;language=d
flt;+tnum;+lnum;+smcp;mapping=tex-text;"
(fontspec)             - 'bold italic' (b/it) with NFSS spec.:
(fontspec)             <->s*[1]"[FiraSans-BoldItalic.otf]/OT:script=latn;langua
ge=dflt;+tnum;+lnum;mapping=tex-text;"
(fontspec)             - 'bold italic small caps'  (b/scit) with NFSS spec.:
(fontspec)             <->s*[1]"[FiraSans-BoldItalic.otf]/OT:script=latn;langua
ge=dflt;+tnum;+lnum;+smcp;mapping=tex-text;"

Requested font "[FiraSans-Thin.otf]/OT" at 17.27997pt
 -> FiraSans-Thin.otf
Requested font "[FiraSans-Thin.otf]/OT" at 17.28003pt
 -> FiraSans-Thin.otf
Requested font "[FiraSans-Thin.otf]/OT:script=latn;language=dflt;" at 17.28003p
t
 -> FiraSans-Thin.otf
Requested font "[FiraSans-ThinItalic.otf]/OT:script=latn;language=dflt;" at 17.
28003pt
 -> FiraSans-ThinItalic.otf

Package fontspec Info: Font family 'FiraSans(4)' created for font 'FiraSans'
(fontspec)             with options [Ligatures = TeX,Scale = 1,Extension =
(fontspec)             .otf,Numbers = {Proportional,Lining},UprightFont =
(fontspec)             *-Thin,ItalicFont = *-ThinItalic,BoldFont =
(fontspec)             *-Bold,BoldItalicFont = *-BoldItalic].
(fontspec)              
(fontspec)              This font family consists of the following NFSS
(fontspec)             series/shapes:
(fontspec)              
(fontspec)             - 'normal' (m/n) with NFSS spec.:
(fontspec)             <->s*[1]"[FiraSans-Thin.otf]/OT:script=latn;language=dfl
t;+pnum;+lnum;mapping=tex-text;"
(fontspec)             - 'small caps'  (m/sc) with NFSS spec.:
(fontspec)             <->s*[1]"[FiraSans-Thin.otf]/OT:script=latn;language=dfl
t;+pnum;+lnum;+smcp;mapping=tex-text;"
(fontspec)             - 'bold' (b/n) with NFSS spec.:
(fontspec)             <->s*[1]"[FiraSans-Bold.otf]/OT:script=latn;language=dfl
t;+pnum;+lnum;mapping=tex-text;"
(fontspec)             - 'bold small caps'  (b/sc) with NFSS spec.:
(fontspec)             <->s*[1]"[FiraSans-Bold.otf]/OT:script=latn;language=dfl
t;+pnum;+lnum;+smcp;mapping=tex-text;"
(fontspec)             - 'italic' (m/it) with NFSS spec.:
(fontspec)             <->s*[1]"[FiraSans-ThinItalic.otf]/OT:script=latn;langua
ge=dflt;+pnum;+lnum;mapping=tex-text;"
(fontspec)             - 'italic small caps'  (m/scit) with NFSS spec.:
(fontspec)             <->s*[1]"[FiraSans-ThinItalic.otf]/OT:script=latn;langua
ge=dflt;+pnum;+lnum;+smcp;mapping=tex-text;"
(fontspec)             - 'bold italic' (b/it) with NFSS spec.:
(fontspec)             <->s*[1]"[FiraSans-BoldItalic.otf]/OT:script=latn;langua
ge=dflt;+pnum;+lnum;mapping=tex-text;"
(fontspec)             - 'bold italic small caps'  (b/scit) with NFSS spec.:
(fontspec)             <->s*[1]"[FiraSans-BoldItalic.otf]/OT:script=latn;langua
ge=dflt;+pnum;+lnum;+smcp;mapping=tex-text;"

Requested font "[FiraSans-Light.otf]/OT" at 17.27997pt
 -> FiraSans-Light.otf
Requested font "[FiraSans-Light.otf]/OT" at 17.28003pt
 -> FiraSans-Light.otf
Requested font "[FiraSans-Light.otf]/OT:script=latn;language=dflt;" at 17.28003
pt
 -> FiraSans-Light.otf
Requested font "[FiraSans-LightItalic.otf]/OT:script=latn;language=dflt;" at 17
.28003pt
 -> FiraSans-LightItalic.otf

Package fontspec Info: Font family 'FiraSans(5)' created for font 'FiraSans'
(fontspec)             with options [Ligatures = TeX,Scale = 1,Extension =
(fontspec)             .otf,Numbers = {Proportional,Lining},UprightFont =
(fontspec)             *-Light,ItalicFont = *-LightItalic,BoldFont =
(fontspec)             *-Bold,BoldItalicFont = *-BoldItalic].
(fontspec)              
(fontspec)              This font family consists of the following NFSS
(fontspec)             series/shapes:
(fontspec)              
(fontspec)             - 'normal' (m/n) with NFSS spec.:
(fontspec)             <->s*[1]"[FiraSans-Light.otf]/OT:script=latn;language=df
lt;+pnum;+lnum;mapping=tex-text;"
(fontspec)             - 'small caps'  (m/sc) with NFSS spec.:
(fontspec)             <->s*[1]"[FiraSans-Light.otf]/OT:script=latn;language=df
lt;+pnum;+lnum;+smcp;mapping=tex-text;"
(fontspec)             - 'bold' (b/n) with NFSS spec.:
(fontspec)             <->s*[1]"[FiraSans-Bold.otf]/OT:script=latn;language=dfl
t;+pnum;+lnum;mapping=tex-text;"
(fontspec)             - 'bold small caps'  (b/sc) with NFSS spec.:
(fontspec)             <->s*[1]"[FiraSans-Bold.otf]/OT:script=latn;language=dfl
t;+pnum;+lnum;+smcp;mapping=tex-text;"
(fontspec)             - 'italic' (m/it) with NFSS spec.:
(fontspec)             <->s*[1]"[FiraSans-LightItalic.otf]/OT:script=latn;langu
age=dflt;+pnum;+lnum;mapping=tex-text;"
(fontspec)             - 'italic small caps'  (m/scit) with NFSS spec.:
(fontspec)             <->s*[1]"[FiraSans-LightItalic.otf]/OT:script=latn;langu
age=dflt;+pnum;+lnum;+smcp;mapping=tex-text;"
(fontspec)             - 'bold italic' (b/it) with NFSS spec.:
(fontspec)             <->s*[1]"[FiraSans-BoldItalic.otf]/OT:script=latn;langua
ge=dflt;+pnum;+lnum;mapping=tex-text;"
(fontspec)             - 'bold italic small caps'  (b/scit) with NFSS spec.:
(fontspec)             <->s*[1]"[FiraSans-BoldItalic.otf]/OT:script=latn;langua
ge=dflt;+pnum;+lnum;+smcp;mapping=tex-text;"

Requested font "[FiraSans-ExtraLight.otf]/OT" at 17.27997pt
 -> FiraSans-ExtraLight.otf
Requested font "[FiraSans-ExtraLight.otf]/OT" at 17.28003pt
 -> FiraSans-ExtraLight.otf
Requested font "[FiraSans-ExtraLight.otf]/OT:script=latn;language=dflt;" at 17.
28003pt
 -> FiraSans-ExtraLight.otf
Requested font "[FiraSans-ExtraLightItalic.otf]/OT:script=latn;language=dflt;" 
at 17.28003pt
 -> FiraSans-ExtraLightItalic.otf

Package fontspec Info: Font family 'FiraSans(6)' created for font 'FiraSans'
(fontspec)             with options [Ligatures = TeX,Scale = 1,Extension =
(fontspec)             .otf,Numbers = {Proportional,Lining},UprightFont =
(fontspec)             *-ExtraLight,ItalicFont = *-ExtraLightItalic,BoldFont =
(fontspec)             *-Bold,BoldItalicFont = *-BoldItalic].
(fontspec)              
(fontspec)              This font family consists of the following NFSS
(fontspec)             series/shapes:
(fontspec)              
(fontspec)             - 'normal' (m/n) with NFSS spec.:
(fontspec)             <->s*[1]"[FiraSans-ExtraLight.otf]/OT:script=latn;langua
ge=dflt;+pnum;+lnum;mapping=tex-text;"
(fontspec)             - 'small caps'  (m/sc) with NFSS spec.:
(fontspec)             <->s*[1]"[FiraSans-ExtraLight.otf]/OT:script=latn;langua
ge=dflt;+pnum;+lnum;+smcp;mapping=tex-text;"
(fontspec)             - 'bold' (b/n) with NFSS spec.:
(fontspec)             <->s*[1]"[FiraSans-Bold.otf]/OT:script=latn;language=dfl
t;+pnum;+lnum;mapping=tex-text;"
(fontspec)             - 'bold small caps'  (b/sc) with NFSS spec.:
(fontspec)             <->s*[1]"[FiraSans-Bold.otf]/OT:script=latn;language=dfl
t;+pnum;+lnum;+smcp;mapping=tex-text;"
(fontspec)             - 'italic' (m/it) with NFSS spec.:
(fontspec)             <->s*[1]"[FiraSans-ExtraLightItalic.otf]/OT:script=latn;
language=dflt;+pnum;+lnum;mapping=tex-text;"
(fontspec)             - 'italic small caps'  (m/scit) with NFSS spec.:
(fontspec)             <->s*[1]"[FiraSans-ExtraLightItalic.otf]/OT:script=latn;
language=dflt;+pnum;+lnum;+smcp;mapping=tex-text;"
(fontspec)             - 'bold italic' (b/it) with NFSS spec.:
(fontspec)             <->s*[1]"[FiraSans-BoldItalic.otf]/OT:script=latn;langua
ge=dflt;+pnum;+lnum;mapping=tex-text;"
(fontspec)             - 'bold italic small caps'  (b/scit) with NFSS spec.:
(fontspec)             <->s*[1]"[FiraSans-BoldItalic.otf]/OT:script=latn;langua
ge=dflt;+pnum;+lnum;+smcp;mapping=tex-text;"

Requested font "[FiraSans-UltraLight.otf]/OT" at 17.27997pt
 -> FiraSans-UltraLight.otf
Requested font "[FiraSans-UltraLight.otf]/OT" at 17.28003pt
 -> FiraSans-UltraLight.otf
Requested font "[FiraSans-UltraLight.otf]/OT:script=latn;language=dflt;" at 17.
28003pt
 -> FiraSans-UltraLight.otf
Requested font "[FiraSans-UltraLightItalic.otf]/OT:script=latn;language=dflt;" 
at 17.28003pt
 -> FiraSans-UltraLightItalic.otf

Package fontspec Info: Font family 'FiraSans(7)' created for font 'FiraSans'
(fontspec)             with options [Ligatures = TeX,Scale = 1,Extension =
(fontspec)             .otf,Numbers = {Proportional,Lining},UprightFont =
(fontspec)             *-UltraLight,ItalicFont = *-UltraLightItalic,BoldFont =
(fontspec)             *-Bold,BoldItalicFont = *-BoldItalic].
(fontspec)              
(fontspec)              This font family consists of the following NFSS
(fontspec)             series/shapes:
(fontspec)              
(fontspec)             - 'normal' (m/n) with NFSS spec.:
(fontspec)             <->s*[1]"[FiraSans-UltraLight.otf]/OT:script=latn;langua
ge=dflt;+pnum;+lnum;mapping=tex-text;"
(fontspec)             - 'small caps'  (m/sc) with NFSS spec.:
(fontspec)             <->s*[1]"[FiraSans-UltraLight.otf]/OT:script=latn;langua
ge=dflt;+pnum;+lnum;+smcp;mapping=tex-text;"
(fontspec)             - 'bold' (b/n) with NFSS spec.:
(fontspec)             <->s*[1]"[FiraSans-Bold.otf]/OT:script=latn;language=dfl
t;+pnum;+lnum;mapping=tex-text;"
(fontspec)             - 'bold small caps'  (b/sc) with NFSS spec.:
(fontspec)             <->s*[1]"[FiraSans-Bold.otf]/OT:script=latn;language=dfl
t;+pnum;+lnum;+smcp;mapping=tex-text;"
(fontspec)             - 'italic' (m/it) with NFSS spec.:
(fontspec)             <->s*[1]"[FiraSans-UltraLightItalic.otf]/OT:script=latn;
language=dflt;+pnum;+lnum;mapping=tex-text;"
(fontspec)             - 'italic small caps'  (m/scit) with NFSS spec.:
(fontspec)             <->s*[1]"[FiraSans-UltraLightItalic.otf]/OT:script=latn;
language=dflt;+pnum;+lnum;+smcp;mapping=tex-text;"
(fontspec)             - 'bold italic' (b/it) with NFSS spec.:
(fontspec)             <->s*[1]"[FiraSans-BoldItalic.otf]/OT:script=latn;langua
ge=dflt;+pnum;+lnum;mapping=tex-text;"
(fontspec)             - 'bold italic small caps'  (b/scit) with NFSS spec.:
(fontspec)             <->s*[1]"[FiraSans-BoldItalic.otf]/OT:script=latn;langua
ge=dflt;+pnum;+lnum;+smcp;mapping=tex-text;"

Requested font "[FiraSans-Medium.otf]/OT" at 17.27997pt
 -> FiraSans-Medium.otf
Requested font "[FiraSans-Medium.otf]/OT" at 17.28003pt
 -> FiraSans-Medium.otf
Requested font "[FiraSans-Medium.otf]/OT:script=latn;language=dflt;" at 17.2800
3pt
 -> FiraSans-Medium.otf
Requested font "[FiraSans-MediumItalic.otf]/OT:script=latn;language=dflt;" at 1
7.28003pt
 -> FiraSans-MediumItalic.otf

Package fontspec Info: Font family 'FiraSans(8)' created for font 'FiraSans'
(fontspec)             with options [Ligatures = TeX,Scale = 1,Extension =
(fontspec)             .otf,Numbers = {Proportional,Lining},UprightFont =
(fontspec)             *-Medium,ItalicFont = *-MediumItalic,BoldFont =
(fontspec)             *-Bold,BoldItalicFont = *-BoldItalic].
(fontspec)              
(fontspec)              This font family consists of the following NFSS
(fontspec)             series/shapes:
(fontspec)              
(fontspec)             - 'normal' (m/n) with NFSS spec.:
(fontspec)             <->s*[1]"[FiraSans-Medium.otf]/OT:script=latn;language=d
flt;+pnum;+lnum;mapping=tex-text;"
(fontspec)             - 'small caps'  (m/sc) with NFSS spec.:
(fontspec)             <->s*[1]"[FiraSans-Medium.otf]/OT:script=latn;language=d
flt;+pnum;+lnum;+smcp;mapping=tex-text;"
(fontspec)             - 'bold' (b/n) with NFSS spec.:
(fontspec)             <->s*[1]"[FiraSans-Bold.otf]/OT:script=latn;language=dfl
t;+pnum;+lnum;mapping=tex-text;"
(fontspec)             - 'bold small caps'  (b/sc) with NFSS spec.:
(fontspec)             <->s*[1]"[FiraSans-Bold.otf]/OT:script=latn;language=dfl
t;+pnum;+lnum;+smcp;mapping=tex-text;"
(fontspec)             - 'italic' (m/it) with NFSS spec.:
(fontspec)             <->s*[1]"[FiraSans-MediumItalic.otf]/OT:script=latn;lang
uage=dflt;+pnum;+lnum;mapping=tex-text;"
(fontspec)             - 'italic small caps'  (m/scit) with NFSS spec.:
(fontspec)             <->s*[1]"[FiraSans-MediumItalic.otf]/OT:script=latn;lang
uage=dflt;+pnum;+lnum;+smcp;mapping=tex-text;"
(fontspec)             - 'bold italic' (b/it) with NFSS spec.:
(fontspec)             <->s*[1]"[FiraSans-BoldItalic.otf]/OT:script=latn;langua
ge=dflt;+pnum;+lnum;mapping=tex-text;"
(fontspec)             - 'bold italic small caps'  (b/scit) with NFSS spec.:
(fontspec)             <->s*[1]"[FiraSans-BoldItalic.otf]/OT:script=latn;langua
ge=dflt;+pnum;+lnum;+smcp;mapping=tex-text;"

Requested font "[FiraSans-Book.otf]/OT" at 17.27997pt
 -> FiraSans-Book.otf
Requested font "[FiraSans-Book.otf]/OT" at 17.28003pt
 -> FiraSans-Book.otf
Requested font "[FiraSans-Book.otf]/OT:script=latn;language=dflt;" at 17.28003p
t
 -> FiraSans-Book.otf
Requested font "[FiraSans-BookItalic.otf]/OT:script=latn;language=dflt;" at 17.
28003pt
 -> FiraSans-BookItalic.otf

Package fontspec Info: Font family 'FiraSans(9)' created for font 'FiraSans'
(fontspec)             with options [Ligatures = TeX,Scale = 1,Extension =
(fontspec)             .otf,Numbers = {Proportional,Lining},UprightFont =
(fontspec)             *-Book,ItalicFont = *-BookItalic,BoldFont =
(fontspec)             *-Bold,BoldItalicFont = *-BoldItalic].
(fontspec)              
(fontspec)              This font family consists of the following NFSS
(fontspec)             series/shapes:
(fontspec)              
(fontspec)             - 'normal' (m/n) with NFSS spec.:
(fontspec)             <->s*[1]"[FiraSans-Book.otf]/OT:script=latn;language=dfl
t;+pnum;+lnum;mapping=tex-text;"
(fontspec)             - 'small caps'  (m/sc) with NFSS spec.:
(fontspec)             <->s*[1]"[FiraSans-Book.otf]/OT:script=latn;language=dfl
t;+pnum;+lnum;+smcp;mapping=tex-text;"
(fontspec)             - 'bold' (b/n) with NFSS spec.:
(fontspec)             <->s*[1]"[FiraSans-Bold.otf]/OT:script=latn;language=dfl
t;+pnum;+lnum;mapping=tex-text;"
(fontspec)             - 'bold small caps'  (b/sc) with NFSS spec.:
(fontspec)             <->s*[1]"[FiraSans-Bold.otf]/OT:script=latn;language=dfl
t;+pnum;+lnum;+smcp;mapping=tex-text;"
(fontspec)             - 'italic' (m/it) with NFSS spec.:
(fontspec)             <->s*[1]"[FiraSans-BookItalic.otf]/OT:script=latn;langua
ge=dflt;+pnum;+lnum;mapping=tex-text;"
(fontspec)             - 'italic small caps'  (m/scit) with NFSS spec.:
(fontspec)             <->s*[1]"[FiraSans-BookItalic.otf]/OT:script=latn;langua
ge=dflt;+pnum;+lnum;+smcp;mapping=tex-text;"
(fontspec)             - 'bold italic' (b/it) with NFSS spec.:
(fontspec)             <->s*[1]"[FiraSans-BoldItalic.otf]/OT:script=latn;langua
ge=dflt;+pnum;+lnum;mapping=tex-text;"
(fontspec)             - 'bold italic small caps'  (b/scit) with NFSS spec.:
(fontspec)             <->s*[1]"[FiraSans-BoldItalic.otf]/OT:script=latn;langua
ge=dflt;+pnum;+lnum;+smcp;mapping=tex-text;"

Requested font "[FiraSans-SemiBold.otf]/OT" at 17.27997pt
 -> FiraSans-SemiBold.otf
Requested font "[FiraSans-SemiBold.otf]/OT" at 17.28003pt
 -> FiraSans-SemiBold.otf
Requested font "[FiraSans-SemiBold.otf]/OT:script=latn;language=dflt;" at 17.28
003pt
 -> FiraSans-SemiBold.otf
Requested font "[FiraSans-SemiBoldItalic.otf]/OT:script=latn;language=dflt;" at
 17.28003pt
 -> FiraSans-SemiBoldItalic.otf

Package fontspec Info: Font family 'FiraSans(10)' created for font 'FiraSans'
(fontspec)             with options [Ligatures = TeX,Scale = 1,Extension =
(fontspec)             .otf,Numbers = {Proportional,Lining},UprightFont =
(fontspec)             *-SemiBold,ItalicFont = *-SemiBoldItalic].
(fontspec)              
(fontspec)              This font family consists of the following NFSS
(fontspec)             series/shapes:
(fontspec)              
(fontspec)             - 'normal' (m/n) with NFSS spec.:
(fontspec)             <->s*[1]"[FiraSans-SemiBold.otf]/OT:script=latn;language
=dflt;+pnum;+lnum;mapping=tex-text;"
(fontspec)             - 'small caps'  (m/sc) with NFSS spec.:
(fontspec)             <->s*[1]"[FiraSans-SemiBold.otf]/OT:script=latn;language
=dflt;+pnum;+lnum;+smcp;mapping=tex-text;"
(fontspec)             - 'italic' (m/it) with NFSS spec.:
(fontspec)             <->s*[1]"[FiraSans-SemiBoldItalic.otf]/OT:script=latn;la
nguage=dflt;+pnum;+lnum;mapping=tex-text;"
(fontspec)             - 'italic small caps'  (m/scit) with NFSS spec.:
(fontspec)             <->s*[1]"[FiraSans-SemiBoldItalic.otf]/OT:script=latn;la
nguage=dflt;+pnum;+lnum;+smcp;mapping=tex-text;"

Requested font "[FiraSans-ExtraBold.otf]/OT" at 17.27997pt
 -> FiraSans-ExtraBold.otf
Requested font "[FiraSans-ExtraBold.otf]/OT" at 17.28003pt
 -> FiraSans-ExtraBold.otf
Requested font "[FiraSans-ExtraBold.otf]/OT:script=latn;language=dflt;" at 17.2
8003pt
 -> FiraSans-ExtraBold.otf
Requested font "[FiraSans-ExtraBoldItalic.otf]/OT:script=latn;language=dflt;" a
t 17.28003pt
 -> FiraSans-ExtraBoldItalic.otf

Package fontspec Info: Font family 'FiraSans(11)' created for font 'FiraSans'
(fontspec)             with options [Ligatures = TeX,Scale = 1,Extension =
(fontspec)             .otf,Numbers = {Proportional,Lining},UprightFont =
(fontspec)             *-ExtraBold,ItalicFont = *-ExtraBoldItalic].
(fontspec)              
(fontspec)              This font family consists of the following NFSS
(fontspec)             series/shapes:
(fontspec)              
(fontspec)             - 'normal' (m/n) with NFSS spec.:
(fontspec)             <->s*[1]"[FiraSans-ExtraBold.otf]/OT:script=latn;languag
e=dflt;+pnum;+lnum;mapping=tex-text;"
(fontspec)             - 'small caps'  (m/sc) with NFSS spec.:
(fontspec)             <->s*[1]"[FiraSans-ExtraBold.otf]/OT:script=latn;languag
e=dflt;+pnum;+lnum;+smcp;mapping=tex-text;"
(fontspec)             - 'italic' (m/it) with NFSS spec.:
(fontspec)             <->s*[1]"[FiraSans-ExtraBoldItalic.otf]/OT:script=latn;l
anguage=dflt;+pnum;+lnum;mapping=tex-text;"
(fontspec)             - 'italic small caps'  (m/scit) with NFSS spec.:
(fontspec)             <->s*[1]"[FiraSans-ExtraBoldItalic.otf]/OT:script=latn;l
anguage=dflt;+pnum;+lnum;+smcp;mapping=tex-text;"

Requested font "[FiraSans-Heavy.otf]/OT" at 17.27997pt
 -> FiraSans-Heavy.otf
Requested font "[FiraSans-Heavy.otf]/OT" at 17.28003pt
 -> FiraSans-Heavy.otf
Requested font "[FiraSans-Heavy.otf]/OT:script=latn;language=dflt;" at 17.28003
pt
 -> FiraSans-Heavy.otf
Requested font "[FiraSans-HeavyItalic.otf]/OT:script=latn;language=dflt;" at 17
.28003pt
 -> FiraSans-HeavyItalic.otf

Package fontspec Info: Font family 'FiraSans(12)' created for font 'FiraSans'
(fontspec)             with options [Ligatures = TeX,Scale = 1,Extension =
(fontspec)             .otf,Numbers = {Proportional,Lining},UprightFont =
(fontspec)             *-Heavy,ItalicFont = *-HeavyItalic].
(fontspec)              
(fontspec)              This font family consists of the following NFSS
(fontspec)             series/shapes:
(fontspec)              
(fontspec)             - 'normal' (m/n) with NFSS spec.:
(fontspec)             <->s*[1]"[FiraSans-Heavy.otf]/OT:script=latn;language=df
lt;+pnum;+lnum;mapping=tex-text;"
(fontspec)             - 'small caps'  (m/sc) with NFSS spec.:
(fontspec)             <->s*[1]"[FiraSans-Heavy.otf]/OT:script=latn;language=df
lt;+pnum;+lnum;+smcp;mapping=tex-text;"
(fontspec)             - 'italic' (m/it) with NFSS spec.:
(fontspec)             <->s*[1]"[FiraSans-HeavyItalic.otf]/OT:script=latn;langu
age=dflt;+pnum;+lnum;mapping=tex-text;"
(fontspec)             - 'italic small caps'  (m/scit) with NFSS spec.:
(fontspec)             <->s*[1]"[FiraSans-HeavyItalic.otf]/OT:script=latn;langu
age=dflt;+pnum;+lnum;+smcp;mapping=tex-text;"

)
LaTeX Font Info:    Font shape `TU/FiraSans(0)/m/n' will be
(Font)              scaled to size 17.28pt on input line 16.
Requested font "[FiraSans-Regular.otf]/OT:script=latn;language=dflt;+pnum;+lnum
;mapping=tex-text;" at 17.28pt
 -> FiraSans-Regular.otf
 (excellence-questions.aux)
\openout1 = `excellence-questions.aux'.

LaTeX Font Info:    Checking defaults for OML/cmm/m/it on input line 16.
LaTeX Font Info:    ... okay on input line 16.
LaTeX Font Info:    Checking defaults for OMS/cmsy/m/n on input line 16.
LaTeX Font Info:    ... okay on input line 16.
LaTeX Font Info:    Checking defaults for OT1/cmr/m/n on input line 16.
LaTeX Font Info:    ... okay on input line 16.
LaTeX Font Info:    Checking defaults for T1/cmr/m/n on input line 16.
LaTeX Font Info:    ... okay on input line 16.
LaTeX Font Info:    Checking defaults for TS1/cmr/m/n on input line 16.
LaTeX Font Info:    Trying to load font information for TS1+cmr on input line 1
6.

(ts1cmr.fd
File: ts1cmr.fd 2019/12/16 v2.5j Standard LaTeX font definitions
)
LaTeX Font Info:    ... okay on input line 16.
LaTeX Font Info:    Checking defaults for TU/lmr/m/n on input line 16.
LaTeX Font Info:    ... okay on input line 16.
LaTeX Font Info:    Checking defaults for OMX/cmex/m/n on input line 16.
LaTeX Font Info:    ... okay on input line 16.
LaTeX Font Info:    Checking defaults for U/cmr/m/n on input line 16.
LaTeX Font Info:    ... okay on input line 16.

*geometry* driver: auto-detecting
*geometry* detected driver: xetex
*geometry* verbose mode - [ preamble ] result:
* driver: xetex
* paper: a4paper
* layout: <same size as paper>
* layoutoffset:(h,v)=(0.0pt,0.0pt)
* modes: landscape 
* h-part:(L,W,R)=(29.87547pt, 748.30724pt, 66.86414pt)
* v-part:(T,H,B)=(3.41418pt, 527.22955pt, 66.86414pt)
* \paperwidth=845.04684pt
* \paperheight=597.50787pt
* \textwidth=748.30724pt
* \textheight=527.22955pt
* \oddsidemargin=-42.39452pt
* \evensidemargin=-42.39452pt
* \topmargin=-115.8558pt
* \headheight=17.0pt
* \headsep=30.0pt
* \topskip=17.0pt
* \footskip=35.0pt
* \marginparwidth=112.0pt
* \marginparsep=12.0pt
* \columnsep=10.0pt
* \skip\footins=14.0pt plus 5.0pt minus 3.0pt
* \hoffset=0.0pt
* \voffset=0.0pt
* \mag=1000
* \@twocolumnfalse
* \@twosidefalse
* \@mparswitchfalse
* \@reversemarginfalse
* (1in=72.27pt=25.4mm, 1cm=28.453pt)


Package fontspec Info: Adjusting the maths setup (use [no-math] to avoid
(fontspec)             this).

\symlegacymaths=\mathgroup6
LaTeX Font Info:    Overwriting symbol font `legacymaths' in version `bold'
(Font)                  OT1/cmr/m/n --> OT1/cmr/bx/n on input line 16.
LaTeX Font Info:    Redeclaring math accent \acute on input line 16.
LaTeX Font Info:    Redeclaring math accent \grave on input line 16.
LaTeX Font Info:    Redeclaring math accent \ddot on input line 16.
LaTeX Font Info:    Redeclaring math accent \tilde on input line 16.
LaTeX Font Info:    Redeclaring math accent \bar on input line 16.
LaTeX Font Info:    Redeclaring math accent \breve on input line 16.
LaTeX Font Info:    Redeclaring math accent \check on input line 16.
LaTeX Font Info:    Redeclaring math accent \hat on input line 16.
LaTeX Font Info:    Redeclaring math accent \dot on input line 16.
LaTeX Font Info:    Redeclaring math accent \mathring on input line 16.
LaTeX Font Info:    Redeclaring math symbol \Gamma on input line 16.
LaTeX Font Info:    Redeclaring math symbol \Delta on input line 16.
LaTeX Font Info:    Redeclaring math symbol \Theta on input line 16.
LaTeX Font Info:    Redeclaring math symbol \Lambda on input line 16.
LaTeX Font Info:    Redeclaring math symbol \Xi on input line 16.
LaTeX Font Info:    Redeclaring math symbol \Pi on input line 16.
LaTeX Font Info:    Redeclaring math symbol \Sigma on input line 16.
LaTeX Font Info:    Redeclaring math symbol \Upsilon on input line 16.
LaTeX Font Info:    Redeclaring math symbol \Phi on input line 16.
LaTeX Font Info:    Redeclaring math symbol \Psi on input line 16.
LaTeX Font Info:    Redeclaring math symbol \Omega on input line 16.
LaTeX Font Info:    Redeclaring math symbol \mathdollar on input line 16.
LaTeX Font Info:    Redeclaring symbol font `operators' on input line 16.
LaTeX Font Info:    Encoding `OT1' has changed to `TU' for symbol font
(Font)              `operators' in the math version `normal' on input line 16.
LaTeX Font Info:    Overwriting symbol font `operators' in version `normal'
(Font)                  OT1/cmr/m/n --> TU/lmr/m/n on input line 16.
LaTeX Font Info:    Encoding `OT1' has changed to `TU' for symbol font
(Font)              `operators' in the math version `bold' on input line 16.
LaTeX Font Info:    Overwriting symbol font `operators' in version `bold'
(Font)                  OT1/cmr/bx/n --> TU/lmr/m/n on input line 16.
LaTeX Font Info:    Overwriting symbol font `operators' in version `normal'
(Font)                  TU/lmr/m/n --> TU/lmr/m/n on input line 16.
LaTeX Font Info:    Overwriting math alphabet `\mathit' in version `normal'
(Font)                  OT1/cmr/m/it --> TU/lmr/m/it on input line 16.
LaTeX Font Info:    Overwriting math alphabet `\mathbf' in version `normal'
(Font)                  OT1/cmr/bx/n --> TU/lmr/b/n on input line 16.
LaTeX Font Info:    Overwriting math alphabet `\mathsf' in version `normal'
(Font)                  OT1/cmss/m/n --> TU/FiraSans(0)/m/n on input line 16.
LaTeX Font Info:    Overwriting math alphabet `\mathtt' in version `normal'
(Font)                  OT1/cmtt/m/n --> TU/lmtt/m/n on input line 16.
LaTeX Font Info:    Overwriting symbol font `operators' in version `bold'
(Font)                  TU/lmr/m/n --> TU/lmr/b/n on input line 16.
LaTeX Font Info:    Overwriting math alphabet `\mathit' in version `bold'
(Font)                  OT1/cmr/bx/it --> TU/lmr/b/it on input line 16.
LaTeX Font Info:    Overwriting math alphabet `\mathsf' in version `bold'
(Font)                  OT1/cmss/bx/n --> TU/FiraSans(0)/b/n on input line 16.
LaTeX Font Info:    Overwriting math alphabet `\mathtt' in version `bold'
(Font)                  OT1/cmtt/m/n --> TU/lmtt/b/n on input line 16.
LaTeX Font Info:    Font shape `TU/FiraSans(0)/m/n' will be
(Font)              scaled to size 29.86pt on input line 22.
Requested font "[FiraSans-Regular.otf]/OT:script=latn;language=dflt;+pnum;+lnum
;mapping=tex-text;" at 29.86pt
 -> FiraSans-Regular.otf
LaTeX Font Info:    Font shape `TU/FiraSans(0)/b/n' will be
(Font)              scaled to size 29.86pt on input line 22.
Requested font "[FiraSans-Bold.otf]/OT:script=latn;language=dflt;+pnum;+lnum;ma
pping=tex-text;" at 29.86pt
 -> FiraSans-Bold.otf
LaTeX Font Info:    Font shape `TU/FiraSans(0)/b/n' will be
(Font)              scaled to size 17.28pt on input line 44.
Requested font "[FiraSans-Bold.otf]/OT:script=latn;language=dflt;+pnum;+lnum;ma
pping=tex-text;" at 17.28pt
 -> FiraSans-Bold.otf

Overfull \hbox (4.73775pt too wide) in paragraph at lines 44--44
[]|\TU/FiraSans(0)/m/n/17.28 A factory makes com-
 []


Overfull \hbox (4.52998pt too wide) in paragraph at lines 44--44
\TU/FiraSans(0)/m/n/17.28 defect rate. In a ship-
 []


Overfull \hbox (1.04134pt too wide) in paragraph at lines 44--44
\TU/FiraSans(0)/m/n/17.28 ment of 1250 compo-
 []


Overfull \hbox (2.23943pt too wide) in paragraph at lines 44--44
\TU/FiraSans(0)/m/n/17.28 nents, what is the ex-
 []


Overfull \hbox (7.10663pt too wide) in paragraph at lines 44--44
\TU/FiraSans(0)/m/n/17.28 pected number of de-
 []


Overfull \hbox (18.7572pt too wide) in paragraph at lines 44--44
\TU/FiraSans(0)/m/n/17.28 fective ones? Give your
 []


Overfull \hbox (10.48198pt too wide) in paragraph at lines 44--44
\TU/FiraSans(0)/m/n/17.28 free throw percentage
 []


Overfull \hbox (16.85828pt too wide) in paragraph at lines 44--44
\TU/FiraSans(0)/m/n/17.28 48 free throws in a sea-
 []


Overfull \hbox (10.1191pt too wide) in paragraph at lines 44--44
\TU/FiraSans(0)/m/n/17.28 son, how many are ex-
 []


Overfull \hbox (5.6551pt too wide) in paragraph at lines 44--44
\TU/FiraSans(0)/m/n/17.28 pected to be success-
 []


Overfull \hbox (18.56136pt too wide) in paragraph at lines 44--44
\TU/FiraSans(0)/m/n/17.28 ful? Round to the near-
 []


Overfull \hbox (9.24934pt too wide) in paragraph at lines 44--44
\TU/FiraSans(0)/m/n/17.28 test with 60 questions
 []


Overfull \hbox (14.69829pt too wide) in paragraph at lines 44--44
\TU/FiraSans(0)/m/n/17.28 (5 options each), a stu-
 []


Overfull \hbox (6.9319pt too wide) in paragraph at lines 44--44
\TU/FiraSans(0)/m/n/17.28 swers. What is the ex-
 []


Overfull \hbox (1.77672pt too wide) in paragraph at lines 44--44
\TU/FiraSans(0)/m/n/17.28 pected score? Would
 []


Overfull \hbox (19.99173pt too wide) in paragraph at lines 44--44
\TU/FiraSans(0)/m/n/17.28 you be surprised if they
 []


Overfull \hbox (19.86313pt too wide) in paragraph at lines 44--44
\TU/FiraSans(0)/m/n/17.28 got 20 correct? Explain.| 
 []


Overfull \hbox (45.4955pt too wide) in paragraph at lines 44--44
|\TU/FiraSans(0)/m/n/17.28 A biased coin has P(Heads)
 []


Overfull \hbox (6.49606pt too wide) in paragraph at lines 44--44
\TU/FiraSans(0)/m/n/17.28 times, how many tails
 []


Overfull \hbox (10.59564pt too wide) in paragraph at lines 44--44
|\TU/FiraSans(0)/m/n/17.28 A spinner has unequal
 []


Overfull \hbox (26.03975pt too wide) in paragraph at lines 44--44
\TU/FiraSans(0)/m/n/17.28 Blue (25%), Green (20%),
 []


Overfull \hbox (27.38182pt too wide) in paragraph at lines 44--44
\TU/FiraSans(0)/m/n/17.28 to land on Red or Green?| 
 []


Overfull \hbox (22.34758pt too wide) in paragraph at lines 44--44
\TU/FiraSans(0)/m/n/17.28 customer making a pur-
 []


Overfull \hbox (16.66246pt too wide) in paragraph at lines 44--44
\TU/FiraSans(0)/m/n/17.28 customers visit a store,
 []


Overfull \hbox (11.0004pt too wide) in paragraph at lines 44--44
\TU/FiraSans(0)/m/n/17.28 number of purchases?
 []


Overfull \hbox (14.91144pt too wide) in paragraph at lines 44--44
\TU/FiraSans(0)/m/n/17.28 How does this help the
 []


Overfull \hbox (30.33516pt too wide) in paragraph at lines 44--44
|\TU/FiraSans(0)/m/n/17.28 A dice is rolled 210 times.
 []


Overfull \hbox (4.62215pt too wide) in paragraph at lines 44--44
\TU/FiraSans(0)/m/n/17.28 2 expected? What as-
 []


Overfull \hbox (42.04678pt too wide) in paragraph at lines 44--44
\TU/FiraSans(0)/m/n/17.28 sumption are you making?| 
 []


Overfull \hbox (12.50798pt too wide) in paragraph at lines 44--44
|\TU/FiraSans(0)/m/n/17.28 A bag contains 7 white,
 []


Overfull \hbox (13.31015pt too wide) in paragraph at lines 44--44
\TU/FiraSans(0)/m/n/17.28 4 black, and 9 red mar-
 []


Overfull \hbox (3.21286pt too wide) in paragraph at lines 44--44
\TU/FiraSans(0)/m/n/17.28 ment) 180 times, how
 []


Overfull \hbox (24.15047pt too wide) in paragraph at lines 44--44
\TU/FiraSans(0)/m/n/17.28 white marble expected?| 
 []


Overfull \hbox (20.63533pt too wide) in paragraph at lines 44--44
|\TU/FiraSans(0)/m/n/17.28 A weather forecast says
 []


Overfull \hbox (14.05702pt too wide) in paragraph at lines 44--44
\TU/FiraSans(0)/m/n/17.28 days). How many rainy
 []


Overfull \hbox (42.2407pt too wide) in paragraph at lines 44--44
\TU/FiraSans(0)/m/n/17.28 days are expected? Would
 []


Overfull \hbox (41.19815pt too wide) in paragraph at lines 44--44
\TU/FiraSans(0)/m/n/17.28 only 2 rainy days? Explain.| 
 []


Overfull \hbox (15.57231pt too wide) in paragraph at lines 44--44
|\TU/FiraSans(0)/m/n/17.28 A factory’s quality con-
 []


Overfull \hbox (7.46373pt too wide) in paragraph at lines 44--44
\TU/FiraSans(0)/m/n/17.28 of every 200 items are
 []


Overfull \hbox (1.42726pt too wide) in paragraph at lines 44--44
\TU/FiraSans(0)/m/n/17.28 items, what is the ex-
 []


Overfull \hbox (67.74216pt too wide) in paragraph at lines 44--44
\TU/FiraSans(0)/m/n/17.28 pected number of defectives?| 
 []

[1

]
Overfull \hbox (20.7175pt too wide) in paragraph at lines 44--44
\TU/FiraSans(0)/m/n/17.28 they have a 65% chance
 []


Overfull \hbox (2.47945pt too wide) in paragraph at lines 44--44
\TU/FiraSans(0)/m/n/17.28 pass? What does this
 []


Overfull \hbox (49.46565pt too wide) in paragraph at lines 44--44
\TU/FiraSans(0)/m/n/17.28 likely overall performance?| 
 []


Overfull \hbox (6.87758pt too wide) in paragraph at lines 44--44
|\TU/FiraSans(0)/m/n/17.28 A deck of cards: If you
 []


Overfull \hbox (23.58023pt too wide) in paragraph at lines 44--44
\TU/FiraSans(0)/m/n/17.28 replacement) 156 times,
 []


Overfull \hbox (4.29pt too wide) in paragraph at lines 44--44
\TU/FiraSans(0)/m/n/17.28 you expected to draw
 []

Requested font "[lmromandemi10-regular]:mapping=tex-text;" at 17.28pt
 -> lmromandemi10-regular
Requested font "[lmromandemi10-regular]:mapping=tex-text;" at 12.0pt
 -> lmromandemi10-regular
Requested font "[lmromandemi10-regular]:mapping=tex-text;" at 10.0pt
 -> lmromandemi10-regular
Requested font "cmmib10" at 17.28pt
 -> cmmib10
Requested font "cmmib10" at 12.0pt
 -> cmmib10
Requested font "cmmib10" at 10.0pt
 -> cmmib10
Requested font "cmbsy10" at 17.28pt
 -> cmbsy10
Requested font "cmbsy10" at 12.0pt
 -> cmbsy10
Requested font "cmbsy10" at 10.0pt
 -> cmbsy10
Requested font "cmex10" at 17.28pt
 -> cmex10
Requested font "cmex10" at 12.0pt
 -> cmex10
LaTeX Font Info:    Trying to load font information for U+msa on input line 44.

(umsa.fd
File: umsa.fd 2013/01/14 v3.01 AMS symbols A
)
Requested font "msam10" at 17.28pt
 -> msam10
Requested font "msam10" at 12.0pt
 -> msam10
Requested font "msam10" at 10.0pt
 -> msam10
LaTeX Font Info:    Trying to load font information for U+msb on input line 44.

 (umsb.fd
File: umsb.fd 2013/01/14 v3.01 AMS symbols B
)
Requested font "msbm10" at 17.28pt
 -> msbm10
Requested font "msbm10" at 12.0pt
 -> msbm10
Requested font "msbm10" at 10.0pt
 -> msbm10
Requested font "cmbx12" at 17.28pt
 -> cmbx12
Requested font "cmbx12" at 12.0pt
 -> cmbx12
Requested font "cmbx10" at 10.0pt
 -> cmbx10

Overfull \hbox (13.57512pt too wide) in paragraph at lines 44--44
\TU/FiraSans(0)/m/n/17.28 If 144 people play, how
 []


Overfull \hbox (17.81447pt too wide) in paragraph at lines 44--44
\TU/FiraSans(0)/m/n/17.28 pected to be given out?
 []


Overfull \hbox (11.6724pt too wide) in paragraph at lines 44--44
\TU/FiraSans(0)/m/n/17.28 prizes. Is this enough?| 
 []


Overfull \hbox (23.07182pt too wide) in paragraph at lines 44--44
|\TU/FiraSans(0)/m/n/17.28 A survey suggests 22.5%
 []


Overfull \hbox (38.706pt too wide) in paragraph at lines 44--44
\TU/FiraSans(0)/m/n/17.28 of teenagers own a tablet.
 []


Overfull \hbox (8.09734pt too wide) in paragraph at lines 44--44
\TU/FiraSans(0)/m/n/17.28 In a school of 840 stu-
 []


Overfull \hbox (20.07814pt too wide) in paragraph at lines 44--44
\TU/FiraSans(0)/m/n/17.28 dents, how many tablet
 []


Overfull \hbox (7.76903pt too wide) in paragraph at lines 44--44
\TU/FiraSans(0)/m/n/17.28 owners are expected?
 []


Overfull \hbox (4.02504pt too wide) in paragraph at lines 44--44
\TU/FiraSans(0)/m/n/17.28 Round appropriately.| 
 []


Overfull \hbox (5.5614pt too wide) in paragraph at lines 44--44
|\TU/FiraSans(0)/m/n/17.28 A biased dice has P(6)
 []


Overfull \hbox (25.2775pt too wide) in paragraph at lines 44--44
\TU/FiraSans(0)/m/n/17.28 = 0.25. If rolled 96 times,
 []


Overfull \hbox (31.7191pt too wide) in paragraph at lines 44--44
\TU/FiraSans(0)/m/n/17.28 tually got 30 sixes, would
 []


Overfull \hbox (0.36012pt too wide) in paragraph at lines 44--44
|\TU/FiraSans(0)/m/n/17.28 A traffic light is green
 []


Overfull \hbox (6.75526pt too wide) in paragraph at lines 44--44
\TU/FiraSans(0)/m/n/17.28 at random times, how
 []


Overfull \hbox (33.28004pt too wide) in paragraph at lines 44--44
\TU/FiraSans(0)/m/n/17.28 expected to find it green?| 
 []

[2]
Overfull \hbox (46.47621pt too wide) in paragraph at lines 44--44
\TU/FiraSans(0)/m/n/17.28 ratio 3:5:2 (red:blue:green).
 []


Overfull \hbox (10.39558pt too wide) in paragraph at lines 44--44
\TU/FiraSans(0)/m/n/17.28 placement) 200 times,
 []


Overfull \hbox (2.41798pt too wide) in paragraph at lines 44--44
|\TU/FiraSans(0)/m/n/17.28 The chance of a flight
 []


Overfull \hbox (7.08742pt too wide) in paragraph at lines 44--44
\TU/FiraSans(0)/m/n/17.28 8%. An airline has 225
 []


Overfull \hbox (24.80518pt too wide) in paragraph at lines 44--44
\TU/FiraSans(0)/m/n/17.28 flights next month. How
 []


Overfull \hbox (5.03302pt too wide) in paragraph at lines 44--44
\TU/FiraSans(0)/m/n/17.28 many are expected to
 []


Overfull \hbox (3.21095pt too wide) in paragraph at lines 44--44
\TU/FiraSans(0)/m/n/17.28 be overbooked? Why
 []


Overfull \hbox (10.51079pt too wide) in paragraph at lines 44--44
\TU/FiraSans(0)/m/n/17.28 might the actual num-
 []


Overfull \hbox (13.09703pt too wide) in paragraph at lines 44--44
\TU/FiraSans(0)/m/n/17.28 A=40%, B=30%, C=20%,
 []


Overfull \hbox (16.19014pt too wide) in paragraph at lines 44--44
\TU/FiraSans(0)/m/n/17.28 times, how many times
 []


Overfull \hbox (25.19148pt too wide) in paragraph at lines 44--44
|\TU/FiraSans(0)/m/n/17.28 A factory finds that 0.8%
 []


Overfull \hbox (30.68806pt too wide) in paragraph at lines 44--44
\TU/FiraSans(0)/m/n/17.28 of its products fail within
 []


Overfull \hbox (9.41446pt too wide) in paragraph at lines 44--44
\TU/FiraSans(0)/m/n/17.28 the first year. If it sells
 []


Overfull \hbox (1.90535pt too wide) in paragraph at lines 44--44
\TU/FiraSans(0)/m/n/17.28 12,500 products, how
 []


Overfull \hbox (0.41925pt too wide) in paragraph at lines 44--44
\TU/FiraSans(0)/m/n/17.28 many failures are ex-
 []


Overfull \hbox (19.00679pt too wide) in paragraph at lines 44--44
\TU/FiraSans(0)/m/n/17.28 pected in the first year?| 
 []

[3] [4] (excellence-questions.aux) )
Output written on excellence-questions.xdv (4 pages, 36600 bytes).
